<?xml version="1.0" encoding="UTF-8"?>
<!-- Generated by org.testng.reporters.JUnitXMLReporter -->
<testsuite hostname="USER-20160905MH" name="Default test" tests="3" failures="0" timestamp="8 May 2018 03:52:30 GMT" time="11.194" errors="0">
  <testcase name="checkTitle" time="4.016" classname="cn.selenium.testng.PCSEOTdkTest"/>
  <testcase name="checkTitle" time="4.56" classname="cn.selenium.testng.PCSEOTdkTest"/>
  <testcase name="checkTitle" time="5.67" classname="cn.selenium.testng.PCSEOTdkTest"/>
</testsuite> <!-- Default test -->
