<?xml version="1.0" encoding="UTF-8"?>
<!-- Generated by org.testng.reporters.JUnitXMLReporter -->
<testsuite hostname="USER-20160905MH" name="checkPageTDK" tests="3" failures="1" timestamp="8 May 2018 10:09:41 GMT" time="16.738" errors="0">
  <testcase name="checkTDK" time="5.161" classname="cn.selenium.testng.PCSEOTdkTest"/>
  <testcase name="checkTDK" time="5.57" classname="cn.selenium.testng.PCSEOTdkTest">
    <failure type="java.lang.AssertionError" message="页面的keywords值与预期不相等 expected [手游交易,手游交易平台,手机游戏交易平台,手游账号交易,道具交易,装备交易,游戏币交易,首充号,游戏代练,苹果代充] but found [手游交易,手游交易平台,手机游戏交易平台,交易平台,手游,手机游戏,手游账号交易,道具交易,装备交易,游戏币交易,首充号,游戏代练,苹果代充]">
      <![CDATA[java.lang.AssertionError: 页面的keywords值与预期不相等 expected [手游交易,手游交易平台,手机游戏交易平台,手游账号交易,道具交易,装备交易,游戏币交易,首充号,游戏代练,苹果代充] but found [手游交易,手游交易平台,手机游戏交易平台,交易平台,手游,手机游戏,手游账号交易,道具交易,装备交易,游戏币交易,首充号,游戏代练,苹果代充]
	at cn.selenium.method.AssertMethod.page_Keywords_Should_Equals(AssertMethod.java:160)
	at cn.selenium.testng.PCSEOTdkTest.checkTDK(PCSEOTdkTest.java:31)
	at java.util.concurrent.FutureTask.run(FutureTask.java:266)
	at java.util.concurrent.Executors$RunnableAdapter.call(Executors.java:511)
	at java.util.concurrent.FutureTask.run(FutureTask.java:266)
	at java.util.concurrent.ThreadPoolExecutor.runWorker(ThreadPoolExecutor.java:1149)
	at java.util.concurrent.ThreadPoolExecutor$Worker.run(ThreadPoolExecutor.java:624)
	at java.lang.Thread.run(Thread.java:748)
... Removed 13 stack frames]]>
    </failure>
  </testcase> <!-- checkTDK -->
  <testcase name="checkTDK" time="2.545" classname="cn.selenium.testng.PCSEOTdkTest"/>
</testsuite> <!-- checkPageTDK -->
