<?xml version="1.0" encoding="UTF-8"?>
<!-- Generated by org.testng.reporters.JUnitXMLReporter -->
<testsuite hostname="USER-20160905MH" name="firefox60" tests="3" failures="0" timestamp="1 Aug 2018 03:33:13 GMT" time="163.424" errors="0">
  <testcase name="open163" time="18.181" classname="cn.selenium.testng.OpenUrl"/>
  <testcase name="openBaidu" time="0.863" classname="cn.selenium.testng.OpenUrl"/>
  <testcase name="openSina" time="118.724" classname="cn.selenium.testng.OpenUrl"/>
</testsuite> <!-- firefox60 -->
