<?xml version="1.0" encoding="UTF-8"?>
<testng-results skipped="0" failed="0" total="1" passed="1">
  <reporter-output>
  </reporter-output>
  <suite name="test" duration-ms="2520" started-at="2018-08-04T04:25:09Z" finished-at="2018-08-04T04:25:11Z">
    <groups>
    </groups>
    <test name="chrome65" duration-ms="2520" started-at="2018-08-04T04:25:09Z" finished-at="2018-08-04T04:25:11Z">
      <class name="cn.selenium.testng.OpenUrl">
        <test-method status="PASS" signature="TestDeleteTableData()[pri:0, instance:cn.selenium.testng.OpenUrl@2ed94a8b]" name="TestDeleteTableData" is-config="true" duration-ms="532" started-at="2018-08-04T12:25:08Z" finished-at="2018-08-04T12:25:09Z">
          <reporter-output>
          </reporter-output>
        </test-method> <!-- TestDeleteTableData -->
        <test-method status="PASS" signature="TestBeforeMethod(java.lang.String, java.lang.String)[pri:0, instance:cn.selenium.testng.OpenUrl@2ed94a8b]" name="TestBeforeMethod" is-config="true" duration-ms="1653" started-at="2018-08-04T12:25:09Z" finished-at="2018-08-04T12:25:10Z">
          <params>
            <param index="0">
              <value>
                <![CDATA[chrome]]>
              </value>
            </param>
            <param index="1">
              <value>
                <![CDATA[65.0.3325.181]]>
              </value>
            </param>
          </params>
          <reporter-output>
          </reporter-output>
        </test-method> <!-- TestBeforeMethod -->
        <test-method status="PASS" signature="openBaidu()[pri:0, instance:cn.selenium.testng.OpenUrl@2ed94a8b]" name="openBaidu" duration-ms="791" started-at="2018-08-04T12:25:10Z" finished-at="2018-08-04T12:25:11Z">
          <reporter-output>
          </reporter-output>
        </test-method> <!-- openBaidu -->
        <test-method status="PASS" signature="TestAfterMethod()[pri:0, instance:cn.selenium.testng.OpenUrl@2ed94a8b]" name="TestAfterMethod" is-config="true" duration-ms="62" started-at="2018-08-04T12:25:11Z" finished-at="2018-08-04T12:25:11Z">
          <reporter-output>
          </reporter-output>
        </test-method> <!-- TestAfterMethod -->
      </class> <!-- cn.selenium.testng.OpenUrl -->
    </test> <!-- chrome65 -->
  </suite> <!-- test -->
</testng-results>
